<?xml version="1.0" encoding="UTF-8"?>
<!-- Generated by org.testng.reporters.JUnitXMLReporter -->
<testsuite ignored="1" hostname="DESKTOP-8933E9J" failures="0" tests="6" name="Car Loan" time="0.029" errors="0" timestamp="2020-11-27T14:03:00 MEZ">
  <testcase classname="test.basic3" name="MobileLoginCarLoan" time="0.001"/>
  <testcase classname="test.basic3" name="MobileSigninCarLoan" time="0.001"/>
  <testcase classname="test.basic3" name="MobileSignoutCarLoan" time="0.001"/>
  <testcase classname="test.basic3" name="MobileSignoutCarLoan" time="0.001"/>
  <testcase classname="test.basic3" name="MobileSignoutCarLoan" time="0.001"/>
  <testcase classname="test.basic3" name="WebLoginCarLoan" time="0.001"/>
  <testcase classname="test.basic3" name="APICarLoan" time="0.0">
    <ignored/>
  </testcase> <!-- APICarLoan -->
</testsuite> <!-- Car Loan -->
