<?xml version="1.0" encoding="UTF-8"?>
<!-- Generated by org.testng.reporters.JUnitXMLReporter -->
<testsuite ignored="3" hostname="DESKTOP-8933E9J" failures="0" tests="8" name="Regression" time="0.056" errors="0" timestamp="2020-11-26T17:53:02 MEZ">
  <testcase classname="test.basic1" name="Demo1" time="0.006"/>
  <testcase classname="test.basic1" name="Demo2" time="0.001"/>
  <testcase classname="test.basic3" name="APICarLoan" time="0.001"/>
  <testcase classname="test.basic3" name="MobileLoginCarLoan" time="0.002"/>
  <testcase classname="test.basic3" name="MobileSignoutCarLoan" time="0.001"/>
  <testcase classname="test.basic3" name="WebLoginCarLoan" time="0.001"/>
  <testcase classname="test.basic4" name="LoginAPIHomeLoan" time="0.001"/>
  <testcase classname="test.basic4" name="WebLoginHomeLoan" time="0.001"/>
  <testcase classname="test.basic4" name="MobileLoginHomeLoan" time="0.0">
    <ignored/>
  </testcase> <!-- MobileLoginHomeLoan -->
  <testcase classname="test.basic3" name="MobileSigninCarLoan" time="0.0">
    <ignored/>
  </testcase> <!-- MobileSigninCarLoan -->
  <testcase classname="test.basic2" name="Demo3" time="0.0">
    <ignored/>
  </testcase> <!-- Demo3 -->
</testsuite> <!-- Regression -->
